<?xml version="1.0" encoding="UTF-8"?>
<TestRun id="4bd3ac66-24f8-4e9a-9b56-871a6cc3c40d" name="Yan@YAN-PC 2012-01-08 16:12:57" runUser="Yan-PC\Yan" xmlns="http://microsoft.com/schemas/VisualStudio/TeamTest/2010">
  <TestSettings name="Local" id="03a47df2-4b72-4bd3-8124-eac166128a6c">
    <Description>These are default test settings for a local test run.</Description>
    <Deployment enabled="false" runDeploymentRoot="Yan_YAN-PC 2012-01-08 16_12_57">
      <DeploymentItem filename="d:\projetos\nfebox\nfebox.domain.entities\bin\Debug\nfebox.domain.entities.dll" />
    </Deployment>
    <Execution>
      <TestTypeSpecific />
      <AgentRule name="Execution Agents">
      </AgentRule>
    </Execution>
  </TestSettings>
  <Times creation="2012-01-08T16:12:57.8728638-03:00" queuing="2012-01-08T16:12:59.9397708-03:00" start="2012-01-08T16:13:00.2557866-03:00" finish="2012-01-08T16:13:18.2163132-03:00" />
  <ResultSummary outcome="Failed">
    <Counters total="1" executed="1" error="0" failed="1" timeout="0" aborted="0" inconclusive="0" passedButRunAborted="0" notRunnable="0" notExecuted="0" disconnected="0" warning="0" passed="0" completed="0" inProgress="0" pending="0" />
  </ResultSummary>
  <TestDefinitions>
    <UnitTest name="CriarNotaApartirDoXml" storage="d:\projetos\nfebox\nfebox.domain.tests\bin\debug\nfebox.domain.tests.dll" id="7a299292-d530-aa01-a524-1d744f0fe448">
      <Execution id="83bf54b8-c2a0-4b8f-8c96-6d375be19c1e" />
      <TestMethod codeBase="d:/projetos/nfebox/nfebox.domain.tests/bin/Debug/nfebox.domain.tests.DLL" adapterTypeName="Microsoft.VisualStudio.TestTools.TestTypes.Unit.UnitTestAdapter, Microsoft.VisualStudio.QualityTools.Tips.UnitTest.Adapter, Version=10.0.0.0, Culture=neutral, PublicKeyToken=b03f5f7f11d50a3a" className="nfebox.domain.tests.FabricaNotaFiscalTest, nfebox.domain.tests, Version=1.0.0.0, Culture=neutral, PublicKeyToken=null" name="CriarNotaApartirDoXml" />
    </UnitTest>
  </TestDefinitions>
  <TestLists>
    <TestList name="Results Not in a List" id="8c84fa94-04c1-424b-9868-57a2d4851a1d" />
    <TestList name="All Loaded Results" id="19431567-8539-422a-85d7-44ee4e166bda" />
  </TestLists>
  <TestEntries>
    <TestEntry testId="7a299292-d530-aa01-a524-1d744f0fe448" executionId="83bf54b8-c2a0-4b8f-8c96-6d375be19c1e" testListId="8c84fa94-04c1-424b-9868-57a2d4851a1d" />
  </TestEntries>
  <Results>
    <UnitTestResult executionId="83bf54b8-c2a0-4b8f-8c96-6d375be19c1e" testId="7a299292-d530-aa01-a524-1d744f0fe448" testName="CriarNotaApartirDoXml" computerName="YAN-PC" duration="00:00:16.2780810" startTime="2012-01-08T16:13:00.5178016-03:00" endTime="2012-01-08T16:13:18.0883058-03:00" testType="13cdc9d9-ddb5-4fa4-a97d-d965ccfc6d4b" outcome="Failed" testListId="8c84fa94-04c1-424b-9868-57a2d4851a1d" relativeResultsDirectory="83bf54b8-c2a0-4b8f-8c96-6d375be19c1e">
      <Output>
        <ErrorInfo>
          <Message>Test method nfebox.domain.tests.FabricaNotaFiscalTest.CriarNotaApartirDoXml threw exception: 
System.NullReferenceException: Object reference not set to an instance of an object.</Message>
          <StackTrace>    at nfebox.domain.entities.factories.FabricaNotaFiscal.Criar(XElement xml) in d:\projetos\nfebox\nfebox.domain.entities\factories\FabricaNotaFiscal.cs:line 35
   at nfebox.domain.tests.FabricaNotaFiscalTest.CriarNotaApartirDoXml() in d:\projetos\nfebox\nfebox.domain.tests\FabricaNotaFiscalTest.cs:line 18
</StackTrace>
        </ErrorInfo>
      </Output>
    </UnitTestResult>
  </Results>
</TestRun>