<?xml version="1.0" encoding="UTF-8"?>
<TestRun id="e79f4e3a-de39-426a-b1d5-1f47fd6a31e3" name="Yan@YAN-PC 2012-01-20 20:16:40" runUser="Yan-PC\Yan" xmlns="http://microsoft.com/schemas/VisualStudio/TeamTest/2010">
  <TestSettings name="Local" id="03a47df2-4b72-4bd3-8124-eac166128a6c">
    <Description>These are default test settings for a local test run.</Description>
    <Deployment enabled="false" runDeploymentRoot="Yan_YAN-PC 2012-01-20 20_16_40">
      <DeploymentItem filename="D:\Projetos\nfebox\nfebox.domain.entities\bin\Debug\nfebox.domain.entities.dll" />
      <DeploymentItem filename="D:\Projetos\nfebox\nfebox.domain\bin\Debug\nfebox.domain.dll" />
    </Deployment>
    <Execution>
      <TestTypeSpecific />
      <AgentRule name="Execution Agents">
      </AgentRule>
    </Execution>
  </TestSettings>
  <Times creation="2012-01-20T20:16:40.0434296-03:00" queuing="2012-01-20T20:16:41.7705284-03:00" start="2012-01-20T20:16:42.1015473-03:00" finish="2012-01-20T20:19:02.5975832-03:00" />
  <ResultSummary outcome="Completed">
    <Counters total="1" executed="1" passed="1" error="0" failed="0" timeout="0" aborted="0" inconclusive="0" passedButRunAborted="0" notRunnable="0" notExecuted="0" disconnected="0" warning="0" completed="0" inProgress="0" pending="0" />
  </ResultSummary>
  <TestDefinitions>
    <UnitTest name="CriarNotaApartirDoXml" storage="d:\projetos\nfebox\nfebox.domain.tests\bin\debug\nfebox.domain.tests.dll" id="7a299292-d530-aa01-a524-1d744f0fe448">
      <Execution id="65ae1c31-044d-4b72-a29c-351c0bad1dd0" />
      <TestMethod codeBase="D:/Projetos/nfebox/nfebox.domain.tests/bin/Debug/nfebox.domain.tests.DLL" adapterTypeName="Microsoft.VisualStudio.TestTools.TestTypes.Unit.UnitTestAdapter, Microsoft.VisualStudio.QualityTools.Tips.UnitTest.Adapter, Version=10.0.0.0, Culture=neutral, PublicKeyToken=b03f5f7f11d50a3a" className="nfebox.domain.tests.FabricaNotaFiscalTest, nfebox.domain.tests, Version=1.0.0.0, Culture=neutral, PublicKeyToken=null" name="CriarNotaApartirDoXml" />
    </UnitTest>
  </TestDefinitions>
  <TestLists>
    <TestList name="Results Not in a List" id="8c84fa94-04c1-424b-9868-57a2d4851a1d" />
    <TestList name="All Loaded Results" id="19431567-8539-422a-85d7-44ee4e166bda" />
  </TestLists>
  <TestEntries>
    <TestEntry testId="7a299292-d530-aa01-a524-1d744f0fe448" executionId="65ae1c31-044d-4b72-a29c-351c0bad1dd0" testListId="8c84fa94-04c1-424b-9868-57a2d4851a1d" />
  </TestEntries>
  <Results>
    <UnitTestResult executionId="65ae1c31-044d-4b72-a29c-351c0bad1dd0" testId="7a299292-d530-aa01-a524-1d744f0fe448" testName="CriarNotaApartirDoXml" computerName="YAN-PC" duration="00:02:19.0177420" startTime="2012-01-20T20:16:42.3375608-03:00" endTime="2012-01-20T20:19:02.3945716-03:00" testType="13cdc9d9-ddb5-4fa4-a97d-d965ccfc6d4b" outcome="Passed" testListId="8c84fa94-04c1-424b-9868-57a2d4851a1d" relativeResultsDirectory="65ae1c31-044d-4b72-a29c-351c0bad1dd0">
    </UnitTestResult>
  </Results>
</TestRun>