<?xml version="1.0" encoding="UTF-8"?>
<TestRun id="97053453-9c1c-4042-b500-0f18b3152c43" name="Yan@YAN-PC 2012-01-08 17:56:52" runUser="Yan-PC\Yan" xmlns="http://microsoft.com/schemas/VisualStudio/TeamTest/2010">
  <TestSettings name="Local" id="03a47df2-4b72-4bd3-8124-eac166128a6c">
    <Description>These are default test settings for a local test run.</Description>
    <Deployment enabled="false" runDeploymentRoot="Yan_YAN-PC 2012-01-08 17_56_52">
      <DeploymentItem filename="d:\projetos\nfebox\nfebox.domain.entities\bin\Debug\nfebox.domain.entities.dll" />
    </Deployment>
    <Execution>
      <TestTypeSpecific />
      <AgentRule name="Execution Agents">
      </AgentRule>
    </Execution>
  </TestSettings>
  <Times creation="2012-01-08T17:56:52.3309913-03:00" queuing="2012-01-08T17:56:54.5741196-03:00" start="2012-01-08T17:56:54.8751368-03:00" finish="2012-01-08T17:57:09.5489761-03:00" />
  <ResultSummary outcome="Failed">
    <Counters total="1" executed="1" error="0" failed="1" timeout="0" aborted="0" inconclusive="0" passedButRunAborted="0" notRunnable="0" notExecuted="0" disconnected="0" warning="0" passed="0" completed="0" inProgress="0" pending="0" />
  </ResultSummary>
  <TestDefinitions>
    <UnitTest name="CriarNotaApartirDoXmlSemDataSaidaHoraSaida" storage="d:\projetos\nfebox\nfebox.domain.tests\bin\debug\nfebox.domain.tests.dll" id="862a1bb5-8869-2305-9c9b-be3aa20e6900">
      <Execution id="472860b1-bc0a-4f0b-a388-c13242660d76" />
      <TestMethod codeBase="d:/projetos/nfebox/nfebox.domain.tests/bin/Debug/nfebox.domain.tests.DLL" adapterTypeName="Microsoft.VisualStudio.TestTools.TestTypes.Unit.UnitTestAdapter, Microsoft.VisualStudio.QualityTools.Tips.UnitTest.Adapter, Version=10.0.0.0, Culture=neutral, PublicKeyToken=b03f5f7f11d50a3a" className="nfebox.domain.tests.FabricaNotaFiscalTest, nfebox.domain.tests, Version=1.0.0.0, Culture=neutral, PublicKeyToken=null" name="CriarNotaApartirDoXmlSemDataSaidaHoraSaida" />
    </UnitTest>
  </TestDefinitions>
  <TestLists>
    <TestList name="Results Not in a List" id="8c84fa94-04c1-424b-9868-57a2d4851a1d" />
    <TestList name="All Loaded Results" id="19431567-8539-422a-85d7-44ee4e166bda" />
  </TestLists>
  <TestEntries>
    <TestEntry testId="862a1bb5-8869-2305-9c9b-be3aa20e6900" executionId="472860b1-bc0a-4f0b-a388-c13242660d76" testListId="8c84fa94-04c1-424b-9868-57a2d4851a1d" />
  </TestEntries>
  <Results>
    <UnitTestResult executionId="472860b1-bc0a-4f0b-a388-c13242660d76" testId="862a1bb5-8869-2305-9c9b-be3aa20e6900" testName="CriarNotaApartirDoXmlSemDataSaidaHoraSaida" computerName="YAN-PC" duration="00:00:13.1296313" startTime="2012-01-08T17:56:55.1591531-03:00" endTime="2012-01-08T17:57:09.4349696-03:00" testType="13cdc9d9-ddb5-4fa4-a97d-d965ccfc6d4b" outcome="Failed" testListId="8c84fa94-04c1-424b-9868-57a2d4851a1d" relativeResultsDirectory="472860b1-bc0a-4f0b-a388-c13242660d76">
      <Output>
        <ErrorInfo>
          <Message>Test method nfebox.domain.tests.FabricaNotaFiscalTest.CriarNotaApartirDoXmlSemDataSaidaHoraSaida threw exception: 
System.NullReferenceException: Object reference not set to an instance of an object.</Message>
          <StackTrace>    at nfebox.domain.entities.factories.FabricaNotaFiscal.Criar(XElement xml) in d:\projetos\nfebox\nfebox.domain.entities\factories\FabricaNotaFiscal.cs:line 37
   at nfebox.domain.tests.FabricaNotaFiscalTest.CriarNotaApartirDoXmlSemDataSaidaHoraSaida() in d:\projetos\nfebox\nfebox.domain.tests\FabricaNotaFiscalTest.cs:line 27
</StackTrace>
        </ErrorInfo>
      </Output>
    </UnitTestResult>
  </Results>
</TestRun>