<?xml version="1.0" encoding="UTF-8"?>
<TestRun id="4c671a30-b3bb-46f3-873b-422698aae97a" name="Yan@YAN-PC 2012-01-19 23:52:49" runUser="Yan-PC\Yan" xmlns="http://microsoft.com/schemas/VisualStudio/TeamTest/2010">
  <TestSettings name="Local" id="03a47df2-4b72-4bd3-8124-eac166128a6c">
    <Description>These are default test settings for a local test run.</Description>
    <Deployment enabled="false" runDeploymentRoot="Yan_YAN-PC 2012-01-19 23_52_49">
      <DeploymentItem filename="D:\Projetos\nfebox\nfebox.domain.entities\bin\Debug\nfebox.domain.entities.dll" />
      <DeploymentItem filename="D:\Projetos\nfebox\nfebox.domain\bin\Debug\nfebox.domain.dll" />
    </Deployment>
    <Execution>
      <TestTypeSpecific />
      <AgentRule name="Execution Agents">
      </AgentRule>
    </Execution>
  </TestSettings>
  <Times creation="2012-01-19T23:52:49.6106943-03:00" queuing="2012-01-19T23:52:51.6788126-03:00" start="2012-01-19T23:52:51.9518282-03:00" finish="2012-01-19T23:53:38.5204917-03:00" />
  <ResultSummary outcome="Error">
    <Counters total="1" executed="1" error="0" failed="0" timeout="0" aborted="1" inconclusive="0" passedButRunAborted="0" notRunnable="0" notExecuted="0" disconnected="0" warning="0" passed="0" completed="0" inProgress="0" pending="0" />
    <RunInfos>
      <RunInfo computerName="YAN-PC" outcome="Error" timestamp="2012-01-19T23:53:38.4644885-03:00">
        <Text>Test host process exited unexpectedly.</Text>
      </RunInfo>
    </RunInfos>
  </ResultSummary>
  <TestDefinitions>
    <UnitTest name="CriarNotaApartirDoXml" storage="d:\projetos\nfebox\nfebox.domain.tests\bin\debug\nfebox.domain.tests.dll" id="7a299292-d530-aa01-a524-1d744f0fe448">
      <Execution id="d4ab38fd-2d7c-4e1b-8dce-b4d0699fef8c" />
      <TestMethod codeBase="D:/Projetos/nfebox/nfebox.domain.tests/bin/Debug/nfebox.domain.tests.DLL" adapterTypeName="Microsoft.VisualStudio.TestTools.TestTypes.Unit.UnitTestAdapter, Microsoft.VisualStudio.QualityTools.Tips.UnitTest.Adapter, Version=10.0.0.0, Culture=neutral, PublicKeyToken=b03f5f7f11d50a3a" className="nfebox.domain.tests.FabricaNotaFiscalTest, nfebox.domain.tests, Version=1.0.0.0, Culture=neutral, PublicKeyToken=null" name="CriarNotaApartirDoXml" />
    </UnitTest>
  </TestDefinitions>
  <TestLists>
    <TestList name="Results Not in a List" id="8c84fa94-04c1-424b-9868-57a2d4851a1d" />
    <TestList name="All Loaded Results" id="19431567-8539-422a-85d7-44ee4e166bda" />
  </TestLists>
  <TestEntries>
    <TestEntry testId="7a299292-d530-aa01-a524-1d744f0fe448" executionId="d4ab38fd-2d7c-4e1b-8dce-b4d0699fef8c" testListId="8c84fa94-04c1-424b-9868-57a2d4851a1d" />
  </TestEntries>
  <Results>
    <UnitTestResult executionId="d4ab38fd-2d7c-4e1b-8dce-b4d0699fef8c" testId="7a299292-d530-aa01-a524-1d744f0fe448" testName="CriarNotaApartirDoXml" computerName="YAN-PC" duration="00:00:46.2606460" startTime="2012-01-19T23:52:52.2168433-03:00" endTime="2012-01-19T23:53:38.4774893-03:00" testType="13cdc9d9-ddb5-4fa4-a97d-d965ccfc6d4b" outcome="Aborted" testListId="8c84fa94-04c1-424b-9868-57a2d4851a1d" relativeResultsDirectory="d4ab38fd-2d7c-4e1b-8dce-b4d0699fef8c">
    </UnitTestResult>
  </Results>
</TestRun>