<?xml version="1.0" encoding="UTF-8"?>
<TestRun id="4628acb4-d4b7-41f3-9d23-776ce518f6d8" name="Yan@YAN-PC 2012-01-09 23:00:10" runUser="Yan-PC\Yan" xmlns="http://microsoft.com/schemas/VisualStudio/TeamTest/2010">
  <TestSettings name="Local" id="03a47df2-4b72-4bd3-8124-eac166128a6c">
    <Description>These are default test settings for a local test run.</Description>
    <Deployment enabled="false" runDeploymentRoot="Yan_YAN-PC 2012-01-09 23_00_10">
      <DeploymentItem filename="d:\projetos\nfebox\nfebox.domain.entities\bin\Debug\nfebox.domain.entities.dll" />
    </Deployment>
    <Execution>
      <TestTypeSpecific />
      <AgentRule name="Execution Agents">
      </AgentRule>
    </Execution>
  </TestSettings>
  <Times creation="2012-01-09T23:00:10.5686463-03:00" queuing="2012-01-09T23:00:12.7238771-03:00" start="2012-01-09T23:00:13.0358776-03:00" finish="2012-01-09T23:01:10.5064002-03:00" />
  <ResultSummary outcome="Completed">
    <Counters total="1" executed="1" passed="1" error="0" failed="0" timeout="0" aborted="0" inconclusive="0" passedButRunAborted="0" notRunnable="0" notExecuted="0" disconnected="0" warning="0" completed="0" inProgress="0" pending="0" />
  </ResultSummary>
  <TestDefinitions>
    <UnitTest name="CriarNotaApartirDoXmlSemDataSaidaHoraSaida" storage="d:\projetos\nfebox\nfebox.domain.tests\bin\debug\nfebox.domain.tests.dll" id="862a1bb5-8869-2305-9c9b-be3aa20e6900">
      <Execution id="f8e5905f-e593-44bc-8651-acbfb4f221cb" />
      <TestMethod codeBase="d:/projetos/nfebox/nfebox.domain.tests/bin/Debug/nfebox.domain.tests.DLL" adapterTypeName="Microsoft.VisualStudio.TestTools.TestTypes.Unit.UnitTestAdapter, Microsoft.VisualStudio.QualityTools.Tips.UnitTest.Adapter, Version=10.0.0.0, Culture=neutral, PublicKeyToken=b03f5f7f11d50a3a" className="nfebox.domain.tests.FabricaNotaFiscalTest, nfebox.domain.tests, Version=1.0.0.0, Culture=neutral, PublicKeyToken=null" name="CriarNotaApartirDoXmlSemDataSaidaHoraSaida" />
    </UnitTest>
  </TestDefinitions>
  <TestLists>
    <TestList name="Results Not in a List" id="8c84fa94-04c1-424b-9868-57a2d4851a1d" />
    <TestList name="All Loaded Results" id="19431567-8539-422a-85d7-44ee4e166bda" />
  </TestLists>
  <TestEntries>
    <TestEntry testId="862a1bb5-8869-2305-9c9b-be3aa20e6900" executionId="f8e5905f-e593-44bc-8651-acbfb4f221cb" testListId="8c84fa94-04c1-424b-9868-57a2d4851a1d" />
  </TestEntries>
  <Results>
    <UnitTestResult executionId="f8e5905f-e593-44bc-8651-acbfb4f221cb" testId="862a1bb5-8869-2305-9c9b-be3aa20e6900" testName="CriarNotaApartirDoXmlSemDataSaidaHoraSaida" computerName="YAN-PC" duration="00:00:55.9057054" startTime="2012-01-09T23:00:13.2854781-03:00" endTime="2012-01-09T23:01:10.3347999-03:00" testType="13cdc9d9-ddb5-4fa4-a97d-d965ccfc6d4b" outcome="Passed" testListId="8c84fa94-04c1-424b-9868-57a2d4851a1d" relativeResultsDirectory="f8e5905f-e593-44bc-8651-acbfb4f221cb">
    </UnitTestResult>
  </Results>
</TestRun>